{"/Users/tempuser/Documents/catFeed/backend/index.js": {"path":"/Users/tempuser/Documents/catFeed/backend/index.js","statementMap":{"0":{"start":{"line":1,"column":0},"end":{"line":1,"column":45}},"1":{"start":{"line":2,"column":16},"end":{"line":2,"column":34}},"2":{"start":{"line":3,"column":13},"end":{"line":3,"column":28}},"3":{"start":{"line":4,"column":17},"end":{"line":4,"column":36}},"4":{"start":{"line":5,"column":12},"end":{"line":5,"column":21}},"5":{"start":{"line":6,"column":18},"end":{"line":6,"column":46}},"6":{"start":{"line":7,"column":19},"end":{"line":7,"column":49}},"7":{"start":{"line":9,"column":0},"end":{"line":9,"column":16}},"8":{"start":{"line":10,"column":0},"end":{"line":10,"column":24}},"9":{"start":{"line":11,"column":0},"end":{"line":13,"column":3}},"10":{"start":{"line":12,"column":2},"end":{"line":12,"column":22}},"11":{"start":{"line":14,"column":0},"end":{"line":14,"column":27}},"12":{"start":{"line":15,"column":0},"end":{"line":15,"column":28}},"13":{"start":{"line":17,"column":0},"end":{"line":24,"column":5}},"14":{"start":{"line":20,"column":4},"end":{"line":20,"column":41}},"15":{"start":{"line":23,"column":4},"end":{"line":23,"column":63}},"16":{"start":{"line":26,"column":0},"end":{"line":28,"column":3}},"17":{"start":{"line":27,"column":2},"end":{"line":27,"column":63}},"18":{"start":{"line":30,"column":0},"end":{"line":30,"column":21}}},"fnMap":{"0":{"name":"(anonymous_0)","decl":{"start":{"line":11,"column":13},"end":{"line":11,"column":14}},"loc":{"start":{"line":11,"column":28},"end":{"line":13,"column":1}},"line":11},"1":{"name":"(anonymous_1)","decl":{"start":{"line":19,"column":8},"end":{"line":19,"column":9}},"loc":{"start":{"line":19,"column":14},"end":{"line":21,"column":3}},"line":19},"2":{"name":"(anonymous_2)","decl":{"start":{"line":22,"column":9},"end":{"line":22,"column":10}},"loc":{"start":{"line":22,"column":20},"end":{"line":24,"column":3}},"line":22},"3":{"name":"(anonymous_3)","decl":{"start":{"line":26,"column":29},"end":{"line":26,"column":30}},"loc":{"start":{"line":26,"column":35},"end":{"line":28,"column":1}},"line":26}},"branchMap":{},"s":{"0":3,"1":3,"2":3,"3":3,"4":3,"5":3,"6":3,"7":3,"8":3,"9":3,"10":1,"11":3,"12":3,"13":3,"14":3,"15":0,"16":3,"17":3,"18":3},"f":{"0":1,"1":3,"2":0,"3":3},"b":{},"_coverageSchema":"1a1c01bbd47fc00a2c39e90264f33305004495a9","hash":"c9038664c02a040003a26a8f609f7bf9fd28511f"}
,"/Users/tempuser/Documents/catFeed/backend/controllers/catController.js": {"path":"/Users/tempuser/Documents/catFeed/backend/controllers/catController.js","statementMap":{"0":{"start":{"line":1,"column":12},"end":{"line":1,"column":36}},"1":{"start":{"line":3,"column":19},"end":{"line":10,"column":1}},"2":{"start":{"line":4,"column":2},"end":{"line":9,"column":3}},"3":{"start":{"line":5,"column":20},"end":{"line":5,"column":38}},"4":{"start":{"line":6,"column":4},"end":{"line":6,"column":44}},"5":{"start":{"line":8,"column":4},"end":{"line":8,"column":68}},"6":{"start":{"line":12,"column":18},"end":{"line":23,"column":1}},"7":{"start":{"line":13,"column":2},"end":{"line":22,"column":3}},"8":{"start":{"line":14,"column":25},"end":{"line":14,"column":42}},"9":{"start":{"line":15,"column":4},"end":{"line":15,"column":30}},"10":{"start":{"line":16,"column":4},"end":{"line":18,"column":80}},"11":{"start":{"line":20,"column":4},"end":{"line":20,"column":25}},"12":{"start":{"line":21,"column":4},"end":{"line":21,"column":68}},"13":{"start":{"line":25,"column":16},"end":{"line":38,"column":1}},"14":{"start":{"line":26,"column":17},"end":{"line":26,"column":27}},"15":{"start":{"line":27,"column":2},"end":{"line":37,"column":3}},"16":{"start":{"line":28,"column":23},"end":{"line":30,"column":6}},"17":{"start":{"line":31,"column":4},"end":{"line":33,"column":5}},"18":{"start":{"line":32,"column":6},"end":{"line":32,"column":75}},"19":{"start":{"line":34,"column":4},"end":{"line":34,"column":46}},"20":{"start":{"line":36,"column":4},"end":{"line":36,"column":68}},"21":{"start":{"line":40,"column":18},"end":{"line":51,"column":1}},"22":{"start":{"line":41,"column":2},"end":{"line":50,"column":3}},"23":{"start":{"line":42,"column":19},"end":{"line":42,"column":29}},"24":{"start":{"line":43,"column":24},"end":{"line":43,"column":55}},"25":{"start":{"line":44,"column":4},"end":{"line":46,"column":5}},"26":{"start":{"line":45,"column":6},"end":{"line":45,"column":75}},"27":{"start":{"line":47,"column":4},"end":{"line":47,"column":60}},"28":{"start":{"line":49,"column":4},"end":{"line":49,"column":68}},"29":{"start":{"line":53,"column":0},"end":{"line":58,"column":2}}},"fnMap":{"0":{"name":"(anonymous_0)","decl":{"start":{"line":3,"column":19},"end":{"line":3,"column":20}},"loc":{"start":{"line":3,"column":40},"end":{"line":10,"column":1}},"line":3},"1":{"name":"(anonymous_1)","decl":{"start":{"line":12,"column":18},"end":{"line":12,"column":19}},"loc":{"start":{"line":12,"column":38},"end":{"line":23,"column":1}},"line":12},"2":{"name":"(anonymous_2)","decl":{"start":{"line":25,"column":16},"end":{"line":25,"column":17}},"loc":{"start":{"line":25,"column":36},"end":{"line":38,"column":1}},"line":25},"3":{"name":"(anonymous_3)","decl":{"start":{"line":40,"column":18},"end":{"line":40,"column":19}},"loc":{"start":{"line":40,"column":38},"end":{"line":51,"column":1}},"line":40}},"branchMap":{"0":{"loc":{"start":{"line":31,"column":4},"end":{"line":33,"column":5}},"type":"if","locations":[{"start":{"line":31,"column":4},"end":{"line":33,"column":5}},{"start":{},"end":{}}],"line":31},"1":{"loc":{"start":{"line":44,"column":4},"end":{"line":46,"column":5}},"type":"if","locations":[{"start":{"line":44,"column":4},"end":{"line":46,"column":5}},{"start":{},"end":{}}],"line":44}},"s":{"0":3,"1":3,"2":3,"3":3,"4":3,"5":0,"6":3,"7":2,"8":2,"9":2,"10":2,"11":0,"12":0,"13":3,"14":2,"15":2,"16":2,"17":1,"18":0,"19":1,"20":1,"21":3,"22":3,"23":3,"24":3,"25":2,"26":0,"27":2,"28":1,"29":3},"f":{"0":3,"1":2,"2":2,"3":3},"b":{"0":[0,1],"1":[0,2]},"_coverageSchema":"1a1c01bbd47fc00a2c39e90264f33305004495a9","hash":"60abea7e6ad67bb3d1b166c5776ee8e5220a423c"}
,"/Users/tempuser/Documents/catFeed/backend/controllers/userController.js": {"path":"/Users/tempuser/Documents/catFeed/backend/controllers/userController.js","statementMap":{"0":{"start":{"line":1,"column":23},"end":{"line":1,"column":58}},"1":{"start":{"line":3,"column":18},"end":{"line":16,"column":1}},"2":{"start":{"line":4,"column":30},"end":{"line":4,"column":38}},"3":{"start":{"line":5,"column":2},"end":{"line":15,"column":5}},"4":{"start":{"line":6,"column":4},"end":{"line":14,"column":5}},"5":{"start":{"line":7,"column":6},"end":{"line":11,"column":7}},"6":{"start":{"line":8,"column":8},"end":{"line":8,"column":28}},"7":{"start":{"line":10,"column":8},"end":{"line":10,"column":58}},"8":{"start":{"line":13,"column":6},"end":{"line":13,"column":60}},"9":{"start":{"line":18,"column":21},"end":{"line":29,"column":1}},"10":{"start":{"line":19,"column":2},"end":{"line":28,"column":3}},"11":{"start":{"line":20,"column":26},"end":{"line":20,"column":54}},"12":{"start":{"line":21,"column":4},"end":{"line":21,"column":31}},"13":{"start":{"line":22,"column":4},"end":{"line":25,"column":7}},"14":{"start":{"line":27,"column":4},"end":{"line":27,"column":68}},"15":{"start":{"line":31,"column":19},"end":{"line":46,"column":1}},"16":{"start":{"line":32,"column":2},"end":{"line":45,"column":3}},"17":{"start":{"line":33,"column":22},"end":{"line":33,"column":32}},"18":{"start":{"line":34,"column":22},"end":{"line":34,"column":44}},"19":{"start":{"line":35,"column":25},"end":{"line":37,"column":6}},"20":{"start":{"line":38,"column":4},"end":{"line":40,"column":5}},"21":{"start":{"line":39,"column":6},"end":{"line":39,"column":76}},"22":{"start":{"line":42,"column":4},"end":{"line":42,"column":62}},"23":{"start":{"line":44,"column":4},"end":{"line":44,"column":68}},"24":{"start":{"line":48,"column":0},"end":{"line":52,"column":2}}},"fnMap":{"0":{"name":"(anonymous_0)","decl":{"start":{"line":3,"column":18},"end":{"line":3,"column":19}},"loc":{"start":{"line":3,"column":38},"end":{"line":16,"column":1}},"line":3},"1":{"name":"(anonymous_1)","decl":{"start":{"line":5,"column":48},"end":{"line":5,"column":49}},"loc":{"start":{"line":5,"column":68},"end":{"line":15,"column":3}},"line":5},"2":{"name":"(anonymous_2)","decl":{"start":{"line":18,"column":21},"end":{"line":18,"column":22}},"loc":{"start":{"line":18,"column":41},"end":{"line":29,"column":1}},"line":18},"3":{"name":"(anonymous_3)","decl":{"start":{"line":31,"column":19},"end":{"line":31,"column":20}},"loc":{"start":{"line":31,"column":39},"end":{"line":46,"column":1}},"line":31}},"branchMap":{"0":{"loc":{"start":{"line":6,"column":4},"end":{"line":14,"column":5}},"type":"if","locations":[{"start":{"line":6,"column":4},"end":{"line":14,"column":5}},{"start":{"line":12,"column":11},"end":{"line":14,"column":5}}],"line":6},"1":{"loc":{"start":{"line":7,"column":6},"end":{"line":11,"column":7}},"type":"if","locations":[{"start":{"line":7,"column":6},"end":{"line":11,"column":7}},{"start":{"line":9,"column":13},"end":{"line":11,"column":7}}],"line":7},"2":{"loc":{"start":{"line":38,"column":4},"end":{"line":40,"column":5}},"type":"if","locations":[{"start":{"line":38,"column":4},"end":{"line":40,"column":5}},{"start":{},"end":{}}],"line":38}},"s":{"0":3,"1":3,"2":3,"3":3,"4":3,"5":2,"6":1,"7":1,"8":1,"9":3,"10":2,"11":2,"12":2,"13":1,"14":1,"15":3,"16":1,"17":1,"18":1,"19":1,"20":1,"21":0,"22":1,"23":0,"24":3},"f":{"0":3,"1":3,"2":2,"3":1},"b":{"0":[2,1],"1":[1,1],"2":[0,1]},"_coverageSchema":"1a1c01bbd47fc00a2c39e90264f33305004495a9","hash":"7ed99abadb63737abb9e8b6bc332cfa4921bc167"}
,"/Users/tempuser/Documents/catFeed/backend/models/Cat.js": {"path":"/Users/tempuser/Documents/catFeed/backend/models/Cat.js","statementMap":{"0":{"start":{"line":1,"column":17},"end":{"line":1,"column":36}},"1":{"start":{"line":3,"column":18},"end":{"line":11,"column":1}},"2":{"start":{"line":12,"column":0},"end":{"line":12,"column":50}}},"fnMap":{},"branchMap":{},"s":{"0":3,"1":3,"2":3},"f":{},"b":{},"_coverageSchema":"1a1c01bbd47fc00a2c39e90264f33305004495a9","hash":"c7065ad9559139364d249fc86fda9662ece08772"}
,"/Users/tempuser/Documents/catFeed/backend/models/RegisteredUser.js": {"path":"/Users/tempuser/Documents/catFeed/backend/models/RegisteredUser.js","statementMap":{"0":{"start":{"line":1,"column":17},"end":{"line":1,"column":36}},"1":{"start":{"line":3,"column":29},"end":{"line":21,"column":2}},"2":{"start":{"line":23,"column":0},"end":{"line":23,"column":72}}},"fnMap":{},"branchMap":{},"s":{"0":3,"1":3,"2":3},"f":{},"b":{},"_coverageSchema":"1a1c01bbd47fc00a2c39e90264f33305004495a9","hash":"545643ba69f5cf80f545c03c0e5f1e53b5da4403"}
,"/Users/tempuser/Documents/catFeed/backend/routes/CatRoute.js": {"path":"/Users/tempuser/Documents/catFeed/backend/routes/CatRoute.js","statementMap":{"0":{"start":{"line":1,"column":16},"end":{"line":1,"column":34}},"1":{"start":{"line":7,"column":4},"end":{"line":7,"column":43}},"2":{"start":{"line":9,"column":15},"end":{"line":9,"column":31}},"3":{"start":{"line":12,"column":0},"end":{"line":12,"column":31}},"4":{"start":{"line":15,"column":0},"end":{"line":15,"column":31}},"5":{"start":{"line":18,"column":0},"end":{"line":18,"column":32}},"6":{"start":{"line":21,"column":0},"end":{"line":21,"column":37}},"7":{"start":{"line":23,"column":0},"end":{"line":23,"column":24}}},"fnMap":{},"branchMap":{},"s":{"0":3,"1":3,"2":3,"3":3,"4":3,"5":3,"6":3,"7":3},"f":{},"b":{},"_coverageSchema":"1a1c01bbd47fc00a2c39e90264f33305004495a9","hash":"beb967bc7c5ae9c1212860d70f965e05e0cefc9b"}
,"/Users/tempuser/Documents/catFeed/backend/routes/LoginRoute.js": {"path":"/Users/tempuser/Documents/catFeed/backend/routes/LoginRoute.js","statementMap":{"0":{"start":{"line":1,"column":16},"end":{"line":1,"column":34}},"1":{"start":{"line":2,"column":15},"end":{"line":2,"column":31}},"2":{"start":{"line":7,"column":4},"end":{"line":7,"column":44}},"3":{"start":{"line":10,"column":0},"end":{"line":10,"column":33}},"4":{"start":{"line":13,"column":0},"end":{"line":13,"column":37}},"5":{"start":{"line":16,"column":0},"end":{"line":16,"column":37}},"6":{"start":{"line":18,"column":0},"end":{"line":18,"column":24}}},"fnMap":{},"branchMap":{},"s":{"0":3,"1":3,"2":3,"3":3,"4":3,"5":3,"6":3},"f":{},"b":{},"_coverageSchema":"1a1c01bbd47fc00a2c39e90264f33305004495a9","hash":"7dfada094068e850579e77391de189a8c76ace34"}
}
