TN:
SF:index.js
FN:11,(anonymous_0)
FN:19,(anonymous_1)
FN:22,(anonymous_2)
FN:26,(anonymous_3)
FNF:4
FNH:3
FNDA:1,(anonymous_0)
FNDA:3,(anonymous_1)
FNDA:0,(anonymous_2)
FNDA:3,(anonymous_3)
DA:1,3
DA:2,3
DA:3,3
DA:4,3
DA:5,3
DA:6,3
DA:7,3
DA:9,3
DA:10,3
DA:11,3
DA:12,1
DA:14,3
DA:15,3
DA:17,3
DA:20,3
DA:23,0
DA:26,3
DA:27,3
DA:30,3
LF:19
LH:18
BRF:0
BRH:0
end_of_record
TN:
SF:controllers/catController.js
FN:3,(anonymous_0)
FN:12,(anonymous_1)
FN:25,(anonymous_2)
FN:40,(anonymous_3)
FNF:4
FNH:4
FNDA:3,(anonymous_0)
FNDA:2,(anonymous_1)
FNDA:2,(anonymous_2)
FNDA:3,(anonymous_3)
DA:1,3
DA:3,3
DA:4,3
DA:5,3
DA:6,3
DA:8,0
DA:12,3
DA:13,2
DA:14,2
DA:15,2
DA:16,2
DA:20,0
DA:21,0
DA:25,3
DA:26,2
DA:27,2
DA:28,2
DA:31,1
DA:32,0
DA:34,1
DA:36,1
DA:40,3
DA:41,3
DA:42,3
DA:43,3
DA:44,2
DA:45,0
DA:47,2
DA:49,1
DA:53,3
LF:30
LH:25
BRDA:31,0,0,0
BRDA:31,0,1,1
BRDA:44,1,0,0
BRDA:44,1,1,2
BRF:4
BRH:2
end_of_record
TN:
SF:controllers/userController.js
FN:3,(anonymous_0)
FN:5,(anonymous_1)
FN:18,(anonymous_2)
FN:31,(anonymous_3)
FNF:4
FNH:4
FNDA:3,(anonymous_0)
FNDA:3,(anonymous_1)
FNDA:2,(anonymous_2)
FNDA:1,(anonymous_3)
DA:1,3
DA:3,3
DA:4,3
DA:5,3
DA:6,3
DA:7,2
DA:8,1
DA:10,1
DA:13,1
DA:18,3
DA:19,2
DA:20,2
DA:21,2
DA:22,1
DA:27,1
DA:31,3
DA:32,1
DA:33,1
DA:34,1
DA:35,1
DA:38,1
DA:39,0
DA:42,1
DA:44,0
DA:48,3
LF:25
LH:23
BRDA:6,0,0,2
BRDA:6,0,1,1
BRDA:7,1,0,1
BRDA:7,1,1,1
BRDA:38,2,0,0
BRDA:38,2,1,1
BRF:6
BRH:5
end_of_record
TN:
SF:models/Cat.js
FNF:0
FNH:0
DA:1,3
DA:3,3
DA:12,3
LF:3
LH:3
BRF:0
BRH:0
end_of_record
TN:
SF:models/RegisteredUser.js
FNF:0
FNH:0
DA:1,3
DA:3,3
DA:23,3
LF:3
LH:3
BRF:0
BRH:0
end_of_record
TN:
SF:routes/CatRoute.js
FNF:0
FNH:0
DA:1,3
DA:7,3
DA:9,3
DA:12,3
DA:15,3
DA:18,3
DA:21,3
DA:23,3
LF:8
LH:8
BRF:0
BRH:0
end_of_record
TN:
SF:routes/LoginRoute.js
FNF:0
FNH:0
DA:1,3
DA:2,3
DA:7,3
DA:10,3
DA:13,3
DA:16,3
DA:18,3
LF:7
LH:7
BRF:0
BRH:0
end_of_record
